25-11-22.09:33:09.197 [main            ] INFO  Application            - Starting Application using Java 1.8.0_391 on LAPTOP-LUONF1VG with PID 24644 (D:\code\java\group-buy-market\group-buy-market-app\target\classes started by zjh in D:\code\java\group-buy-market)
25-11-22.09:33:09.200 [main            ] INFO  Application            - The following 1 profile is active: "dev"
25-11-22.09:33:09.862 [main            ] INFO  RepositoryConfigurationDelegate - Multiple Spring Data modules found, entering strict repository configuration mode
25-11-22.09:33:09.862 [main            ] INFO  RepositoryConfigurationDelegate - Bootstrapping Spring Data Redis repositories in DEFAULT mode.
25-11-22.09:33:09.901 [main            ] INFO  RepositoryConfigurationDelegate - Finished Spring Data repository scanning in 28 ms. Found 0 Redis repository interfaces.
25-11-22.09:33:10.091 [main            ] INFO  PostProcessorRegistrationDelegate$BeanPostProcessorChecker - Bean 'redisClientConfig' of type [cn.bugstack.config.RedisClientConfig$$EnhancerBySpringCGLIB$$9ab7a262] is not eligible for getting processed by all BeanPostProcessors (for example: not eligible for auto-proxying)
25-11-22.09:33:10.131 [main            ] INFO  PostProcessorRegistrationDelegate$BeanPostProcessorChecker - Bean 'redis.sdk.config-cn.bugstack.config.RedisClientConfigProperties' of type [cn.bugstack.config.RedisClientConfigProperties] is not eligible for getting processed by all BeanPostProcessors (for example: not eligible for auto-proxying)
25-11-22.09:33:10.267 [main            ] INFO  Version                - Redisson 3.26.0
25-11-22.09:33:10.783 [redisson-netty-1-4] INFO  ConnectionsHolder      - 1 connections initialized for 172.25.147.28/172.25.147.28:6379
25-11-22.09:33:10.796 [redisson-netty-1-13] INFO  ConnectionsHolder      - 5 connections initialized for 172.25.147.28/172.25.147.28:6379
25-11-22.09:33:10.844 [main            ] INFO  PostProcessorRegistrationDelegate$BeanPostProcessorChecker - Bean 'redissonClient' of type [org.redisson.Redisson] is not eligible for getting processed by all BeanPostProcessors (for example: not eligible for auto-proxying)
25-11-22.09:33:11.017 [main            ] INFO  TomcatWebServer        - Tomcat initialized with port(s): 8091 (http)
25-11-22.09:33:11.024 [main            ] INFO  Http11NioProtocol      - Initializing ProtocolHandler ["http-nio-8091"]
25-11-22.09:33:11.025 [main            ] INFO  StandardService        - Starting service [Tomcat]
25-11-22.09:33:11.025 [main            ] INFO  StandardEngine         - Starting Servlet engine: [Apache Tomcat/9.0.75]
25-11-22.09:33:11.116 [main            ] INFO  [/]                    - Initializing Spring embedded WebApplicationContext
25-11-22.09:33:11.116 [main            ] INFO  ServletWebServerApplicationContext - Root WebApplicationContext: initialization completed in 1894 ms
25-11-22.09:33:12.411 [main            ] INFO  EndpointLinksResolver  - Exposing 1 endpoint(s) beneath base path '/actuator'
25-11-22.09:33:12.431 [main            ] INFO  Http11NioProtocol      - Starting ProtocolHandler ["http-nio-8091"]
25-11-22.09:33:12.439 [main            ] INFO  TomcatWebServer        - Tomcat started on port(s): 8091 (http) with context path ''
25-11-22.09:33:12.451 [main            ] INFO  Application            - Started Application in 3.549 seconds (JVM running for 4.271)
25-11-22.09:33:12.820 [RMI TCP Connection(1)-172.28.107.251] INFO  HikariDataSource       - HikariPool-1 - Starting...
25-11-22.09:33:13.046 [RMI TCP Connection(1)-172.28.107.251] INFO  HikariDataSource       - HikariPool-1 - Start completed.
25-11-22.09:33:13.738 [RMI TCP Connection(4)-172.28.107.251] INFO  [/]                    - Initializing Spring DispatcherServlet 'dispatcherServlet'
25-11-22.09:33:13.738 [RMI TCP Connection(4)-172.28.107.251] INFO  DispatcherServlet      - Initializing Servlet 'dispatcherServlet'
25-11-22.09:33:13.739 [RMI TCP Connection(4)-172.28.107.251] INFO  DispatcherServlet      - Completed initialization in 1 ms
25-11-22.09:33:15.003 [scheduling-1    ] INFO  TradeSettlementOrderService - 拼团交易-执行结算通知任务
25-11-22.09:33:15.093 [scheduling-1    ] INFO  GroupBuyNotifyJob      - 定时任务，回调通知拼团完结任务 result:{"retryCount":0,"successCount":0,"waitCount":0,"errorCount":0}
25-11-22.09:33:30.013 [scheduling-1    ] INFO  TradeSettlementOrderService - 拼团交易-执行结算通知任务
25-11-22.09:33:30.016 [scheduling-1    ] INFO  GroupBuyNotifyJob      - 定时任务，回调通知拼团完结任务 result:{"retryCount":0,"successCount":0,"waitCount":0,"errorCount":0}
25-11-22.09:33:45.015 [scheduling-1    ] INFO  TradeSettlementOrderService - 拼团交易-执行结算通知任务
25-11-22.09:33:45.018 [scheduling-1    ] INFO  GroupBuyNotifyJob      - 定时任务，回调通知拼团完结任务 result:{"retryCount":0,"successCount":0,"waitCount":0,"errorCount":0}
25-11-22.09:34:00.007 [scheduling-1    ] INFO  TradeSettlementOrderService - 拼团交易-执行结算通知任务
25-11-22.09:34:00.010 [scheduling-1    ] INFO  GroupBuyNotifyJob      - 定时任务，回调通知拼团完结任务 result:{"retryCount":0,"successCount":0,"waitCount":0,"errorCount":0}
25-11-22.09:34:15.004 [scheduling-1    ] INFO  TradeSettlementOrderService - 拼团交易-执行结算通知任务
25-11-22.09:34:15.008 [scheduling-1    ] INFO  GroupBuyNotifyJob      - 定时任务，回调通知拼团完结任务 result:{"retryCount":0,"successCount":0,"waitCount":0,"errorCount":0}
25-11-22.09:34:27.204 [SpringApplicationShutdownHook] INFO  HikariDataSource       - HikariPool-1 - Shutdown initiated...
25-11-22.09:34:27.220 [SpringApplicationShutdownHook] INFO  HikariDataSource       - HikariPool-1 - Shutdown completed.
25-11-22.09:35:15.656 [main            ] INFO  Application            - Starting Application using Java 1.8.0_391 on LAPTOP-LUONF1VG with PID 7136 (D:\code\java\group-buy-market\group-buy-market-app\target\classes started by zjh in D:\code\java\group-buy-market)
25-11-22.09:35:15.656 [main            ] INFO  Application            - The following 1 profile is active: "dev"
25-11-22.09:35:16.316 [main            ] INFO  RepositoryConfigurationDelegate - Multiple Spring Data modules found, entering strict repository configuration mode
25-11-22.09:35:16.332 [main            ] INFO  RepositoryConfigurationDelegate - Bootstrapping Spring Data Redis repositories in DEFAULT mode.
25-11-22.09:35:16.364 [main            ] INFO  RepositoryConfigurationDelegate - Finished Spring Data repository scanning in 31 ms. Found 0 Redis repository interfaces.
25-11-22.09:35:16.551 [main            ] INFO  PostProcessorRegistrationDelegate$BeanPostProcessorChecker - Bean 'redisClientConfig' of type [cn.bugstack.config.RedisClientConfig$$EnhancerBySpringCGLIB$$ab2ae6be] is not eligible for getting processed by all BeanPostProcessors (for example: not eligible for auto-proxying)
25-11-22.09:35:16.599 [main            ] INFO  PostProcessorRegistrationDelegate$BeanPostProcessorChecker - Bean 'redis.sdk.config-cn.bugstack.config.RedisClientConfigProperties' of type [cn.bugstack.config.RedisClientConfigProperties] is not eligible for getting processed by all BeanPostProcessors (for example: not eligible for auto-proxying)
25-11-22.09:35:16.727 [main            ] INFO  Version                - Redisson 3.26.0
25-11-22.09:35:17.270 [redisson-netty-1-5] INFO  ConnectionsHolder      - 1 connections initialized for 172.25.147.28/172.25.147.28:6379
25-11-22.09:35:17.281 [redisson-netty-1-13] INFO  ConnectionsHolder      - 5 connections initialized for 172.25.147.28/172.25.147.28:6379
25-11-22.09:35:17.335 [main            ] INFO  PostProcessorRegistrationDelegate$BeanPostProcessorChecker - Bean 'redissonClient' of type [org.redisson.Redisson] is not eligible for getting processed by all BeanPostProcessors (for example: not eligible for auto-proxying)
25-11-22.09:35:17.505 [main            ] INFO  TomcatWebServer        - Tomcat initialized with port(s): 8091 (http)
25-11-22.09:35:17.512 [main            ] INFO  Http11NioProtocol      - Initializing ProtocolHandler ["http-nio-8091"]
25-11-22.09:35:17.512 [main            ] INFO  StandardService        - Starting service [Tomcat]
25-11-22.09:35:17.512 [main            ] INFO  StandardEngine         - Starting Servlet engine: [Apache Tomcat/9.0.75]
25-11-22.09:35:17.606 [main            ] INFO  [/]                    - Initializing Spring embedded WebApplicationContext
25-11-22.09:35:17.606 [main            ] INFO  ServletWebServerApplicationContext - Root WebApplicationContext: initialization completed in 1919 ms
25-11-22.09:35:18.966 [main            ] INFO  EndpointLinksResolver  - Exposing 1 endpoint(s) beneath base path '/actuator'
25-11-22.09:35:18.986 [main            ] INFO  Http11NioProtocol      - Starting ProtocolHandler ["http-nio-8091"]
25-11-22.09:35:18.994 [main            ] INFO  TomcatWebServer        - Tomcat started on port(s): 8091 (http) with context path ''
25-11-22.09:35:19.007 [main            ] INFO  Application            - Started Application in 3.635 seconds (JVM running for 4.354)
25-11-22.09:35:19.447 [RMI TCP Connection(1)-172.28.107.251] INFO  [/]                    - Initializing Spring DispatcherServlet 'dispatcherServlet'
25-11-22.09:35:19.447 [RMI TCP Connection(1)-172.28.107.251] INFO  DispatcherServlet      - Initializing Servlet 'dispatcherServlet'
25-11-22.09:35:19.450 [RMI TCP Connection(1)-172.28.107.251] INFO  DispatcherServlet      - Completed initialization in 3 ms
25-11-22.09:35:20.096 [RMI TCP Connection(4)-172.28.107.251] INFO  HikariDataSource       - HikariPool-1 - Starting...
25-11-22.09:35:20.330 [RMI TCP Connection(4)-172.28.107.251] INFO  HikariDataSource       - HikariPool-1 - Start completed.
25-11-22.09:35:27.474 [http-nio-8091-exec-2] INFO  MarketIndexController  - 查询拼团营销配置开始:xfg01 goodsId:9890001
25-11-22.09:35:27.545 [http-nio-8091-exec-2] INFO  SwitchNode             - 拼团商品查询试算服务-SwitchNode userId:xfg01 requestParameter:{"channel":"c01","goodsId":"9890001","source":"s01","userId":"xfg01"}
25-11-22.09:35:27.593 [http-nio-8091-exec-2] INFO  MarketNode             - 拼团商品查询试算服务-MarketNode userId:xfg01 异步线程加载数据「GroupBuyActivityDiscountVO、SkuVO」完成
25-11-22.09:35:27.593 [http-nio-8091-exec-2] INFO  MarketNode             - 拼团商品查询试算服务-MarketNode userId:xfg01 requestParameter:{"channel":"c01","goodsId":"9890001","source":"s01","userId":"xfg01"}
25-11-22.09:35:27.593 [http-nio-8091-exec-2] INFO  MJCalculateService     - 优惠策略折扣计算:0
25-11-22.09:35:27.596 [http-nio-8091-exec-2] INFO  EndNode                - 拼团商品查询试算服务-EndNode userId:xfg01 requestParameter:{"channel":"c01","goodsId":"9890001","source":"s01","userId":"xfg01"}
25-11-22.09:35:27.659 [http-nio-8091-exec-2] ERROR MarketIndexController  - 查询拼团营销配置失败:xfg01 goodsId:9890001
org.springframework.jdbc.BadSqlGrammarException: 
### Error querying database.  Cause: java.sql.SQLSyntaxErrorException: Expression #1 of SELECT list is not in GROUP BY clause and contains nonaggregated column 'group_buy_market.group_buy_order_list.user_id' which is not functionally dependent on columns in GROUP BY clause; this is incompatible with sql_mode=only_full_group_by
### The error may exist in file [D:\code\java\group-buy-market\group-buy-market-app\target\classes\mybatis\mapper\group_buy_order_list_mapper.xml]
### The error may involve cn.bugstack.infrastructure.dao.IGroupBuyOrderListDao.queryInProgressUserGroupBuyOrderDetailListByActivityId-Inline
### The error occurred while setting parameters
### SQL: select user_id, team_id, out_trade_no         from group_buy_order_list         where activity_id = ? and status in (0, 1)         group by team_id
### Cause: java.sql.SQLSyntaxErrorException: Expression #1 of SELECT list is not in GROUP BY clause and contains nonaggregated column 'group_buy_market.group_buy_order_list.user_id' which is not functionally dependent on columns in GROUP BY clause; this is incompatible with sql_mode=only_full_group_by
; bad SQL grammar []; nested exception is java.sql.SQLSyntaxErrorException: Expression #1 of SELECT list is not in GROUP BY clause and contains nonaggregated column 'group_buy_market.group_buy_order_list.user_id' which is not functionally dependent on columns in GROUP BY clause; this is incompatible with sql_mode=only_full_group_by
	at org.springframework.jdbc.support.SQLExceptionSubclassTranslator.doTranslate(SQLExceptionSubclassTranslator.java:93)
	at org.springframework.jdbc.support.AbstractFallbackSQLExceptionTranslator.translate(AbstractFallbackSQLExceptionTranslator.java:70)
	at org.springframework.jdbc.support.AbstractFallbackSQLExceptionTranslator.translate(AbstractFallbackSQLExceptionTranslator.java:79)
	at org.mybatis.spring.MyBatisExceptionTranslator.translateExceptionIfPossible(MyBatisExceptionTranslator.java:91)
	at org.mybatis.spring.SqlSessionTemplate$SqlSessionInterceptor.invoke(SqlSessionTemplate.java:441)
	at com.sun.proxy.$Proxy98.selectList(Unknown Source)
	at org.mybatis.spring.SqlSessionTemplate.selectList(SqlSessionTemplate.java:224)
	at org.apache.ibatis.binding.MapperMethod.executeForMany(MapperMethod.java:147)
	at org.apache.ibatis.binding.MapperMethod.execute(MapperMethod.java:80)
	at org.apache.ibatis.binding.MapperProxy$PlainMethodInvoker.invoke(MapperProxy.java:152)
	at org.apache.ibatis.binding.MapperProxy.invoke(MapperProxy.java:85)
	at com.sun.proxy.$Proxy105.queryInProgressUserGroupBuyOrderDetailListByActivityId(Unknown Source)
	at cn.bugstack.infrastructure.adapter.repository.ActivityRepository.queryTeamStatisticByActivityId(ActivityRepository.java:229)
	at cn.bugstack.infrastructure.adapter.repository.ActivityRepository$$FastClassBySpringCGLIB$$2c08996a.invoke(<generated>)
	at org.springframework.cglib.proxy.MethodProxy.invoke(MethodProxy.java:218)
	at org.springframework.aop.framework.CglibAopProxy$CglibMethodInvocation.invokeJoinpoint(CglibAopProxy.java:793)
	at org.springframework.aop.framework.ReflectiveMethodInvocation.proceed(ReflectiveMethodInvocation.java:163)
	at org.springframework.aop.framework.CglibAopProxy$CglibMethodInvocation.proceed(CglibAopProxy.java:763)
	at org.springframework.dao.support.PersistenceExceptionTranslationInterceptor.invoke(PersistenceExceptionTranslationInterceptor.java:137)
	at org.springframework.aop.framework.ReflectiveMethodInvocation.proceed(ReflectiveMethodInvocation.java:186)
	at org.springframework.aop.framework.CglibAopProxy$CglibMethodInvocation.proceed(CglibAopProxy.java:763)
	at org.springframework.aop.framework.CglibAopProxy$DynamicAdvisedInterceptor.intercept(CglibAopProxy.java:708)
	at cn.bugstack.infrastructure.adapter.repository.ActivityRepository$$EnhancerBySpringCGLIB$$2cf5c928.queryTeamStatisticByActivityId(<generated>)
	at cn.bugstack.domain.activity.service.IndexGroupBuyMarketServiceImpl.queryTeamStatisticByActivityId(IndexGroupBuyMarketServiceImpl.java:60)
	at cn.bugstack.trigger.http.MarketIndexController.queryGroupBuyMarketConfig(MarketIndexController.java:65)
	at sun.reflect.NativeMethodAccessorImpl.invoke0(Native Method)
	at sun.reflect.NativeMethodAccessorImpl.invoke(NativeMethodAccessorImpl.java:62)
	at sun.reflect.DelegatingMethodAccessorImpl.invoke(DelegatingMethodAccessorImpl.java:43)
	at java.lang.reflect.Method.invoke(Method.java:498)
	at org.springframework.web.method.support.InvocableHandlerMethod.doInvoke(InvocableHandlerMethod.java:205)
	at org.springframework.web.method.support.InvocableHandlerMethod.invokeForRequest(InvocableHandlerMethod.java:150)
	at org.springframework.web.servlet.mvc.method.annotation.ServletInvocableHandlerMethod.invokeAndHandle(ServletInvocableHandlerMethod.java:117)
	at org.springframework.web.servlet.mvc.method.annotation.RequestMappingHandlerAdapter.invokeHandlerMethod(RequestMappingHandlerAdapter.java:895)
	at org.springframework.web.servlet.mvc.method.annotation.RequestMappingHandlerAdapter.handleInternal(RequestMappingHandlerAdapter.java:808)
	at org.springframework.web.servlet.mvc.method.AbstractHandlerMethodAdapter.handle(AbstractHandlerMethodAdapter.java:87)
	at org.springframework.web.servlet.DispatcherServlet.doDispatch(DispatcherServlet.java:1072)
	at org.springframework.web.servlet.DispatcherServlet.doService(DispatcherServlet.java:965)
	at org.springframework.web.servlet.FrameworkServlet.processRequest(FrameworkServlet.java:1006)
	at org.springframework.web.servlet.FrameworkServlet.doPost(FrameworkServlet.java:909)
	at javax.servlet.http.HttpServlet.service(HttpServlet.java:555)
	at org.springframework.web.servlet.FrameworkServlet.service(FrameworkServlet.java:883)
	at javax.servlet.http.HttpServlet.service(HttpServlet.java:623)
	at org.apache.catalina.core.ApplicationFilterChain.internalDoFilter(ApplicationFilterChain.java:209)
	at org.apache.catalina.core.ApplicationFilterChain.doFilter(ApplicationFilterChain.java:153)
	at org.apache.tomcat.websocket.server.WsFilter.doFilter(WsFilter.java:51)
	at org.apache.catalina.core.ApplicationFilterChain.internalDoFilter(ApplicationFilterChain.java:178)
	at org.apache.catalina.core.ApplicationFilterChain.doFilter(ApplicationFilterChain.java:153)
	at org.springframework.web.filter.RequestContextFilter.doFilterInternal(RequestContextFilter.java:100)
	at org.springframework.web.filter.OncePerRequestFilter.doFilter(OncePerRequestFilter.java:117)
	at org.apache.catalina.core.ApplicationFilterChain.internalDoFilter(ApplicationFilterChain.java:178)
	at org.apache.catalina.core.ApplicationFilterChain.doFilter(ApplicationFilterChain.java:153)
	at org.springframework.web.filter.FormContentFilter.doFilterInternal(FormContentFilter.java:93)
	at org.springframework.web.filter.OncePerRequestFilter.doFilter(OncePerRequestFilter.java:117)
	at org.apache.catalina.core.ApplicationFilterChain.internalDoFilter(ApplicationFilterChain.java:178)
	at org.apache.catalina.core.ApplicationFilterChain.doFilter(ApplicationFilterChain.java:153)
	at org.springframework.boot.actuate.metrics.web.servlet.WebMvcMetricsFilter.doFilterInternal(WebMvcMetricsFilter.java:96)
	at org.springframework.web.filter.OncePerRequestFilter.doFilter(OncePerRequestFilter.java:117)
	at org.apache.catalina.core.ApplicationFilterChain.internalDoFilter(ApplicationFilterChain.java:178)
	at org.apache.catalina.core.ApplicationFilterChain.doFilter(ApplicationFilterChain.java:153)
	at org.springframework.web.filter.CharacterEncodingFilter.doFilterInternal(CharacterEncodingFilter.java:201)
	at org.springframework.web.filter.OncePerRequestFilter.doFilter(OncePerRequestFilter.java:117)
	at org.apache.catalina.core.ApplicationFilterChain.internalDoFilter(ApplicationFilterChain.java:178)
	at org.apache.catalina.core.ApplicationFilterChain.doFilter(ApplicationFilterChain.java:153)
	at org.apache.catalina.core.StandardWrapperValve.invoke(StandardWrapperValve.java:167)
	at org.apache.catalina.core.StandardContextValve.invoke(StandardContextValve.java:90)
	at org.apache.catalina.authenticator.AuthenticatorBase.invoke(AuthenticatorBase.java:481)
	at org.apache.catalina.core.StandardHostValve.invoke(StandardHostValve.java:130)
	at org.apache.catalina.valves.ErrorReportValve.invoke(ErrorReportValve.java:93)
	at org.apache.catalina.core.StandardEngineValve.invoke(StandardEngineValve.java:74)
	at org.apache.catalina.connector.CoyoteAdapter.service(CoyoteAdapter.java:343)
	at org.apache.coyote.http11.Http11Processor.service(Http11Processor.java:390)
	at org.apache.coyote.AbstractProcessorLight.process(AbstractProcessorLight.java:63)
	at org.apache.coyote.AbstractProtocol$ConnectionHandler.process(AbstractProtocol.java:926)
	at org.apache.tomcat.util.net.NioEndpoint$SocketProcessor.doRun(NioEndpoint.java:1791)
	at org.apache.tomcat.util.net.SocketProcessorBase.run(SocketProcessorBase.java:52)
	at org.apache.tomcat.util.threads.ThreadPoolExecutor.runWorker(ThreadPoolExecutor.java:1191)
	at org.apache.tomcat.util.threads.ThreadPoolExecutor$Worker.run(ThreadPoolExecutor.java:659)
	at org.apache.tomcat.util.threads.TaskThread$WrappingRunnable.run(TaskThread.java:61)
	at java.lang.Thread.run(Thread.java:750)
Caused by: java.sql.SQLSyntaxErrorException: Expression #1 of SELECT list is not in GROUP BY clause and contains nonaggregated column 'group_buy_market.group_buy_order_list.user_id' which is not functionally dependent on columns in GROUP BY clause; this is incompatible with sql_mode=only_full_group_by
	at com.mysql.cj.jdbc.exceptions.SQLError.createSQLException(SQLError.java:120)
	at com.mysql.cj.jdbc.exceptions.SQLError.createSQLException(SQLError.java:97)
	at com.mysql.cj.jdbc.exceptions.SQLExceptionsMapping.translateException(SQLExceptionsMapping.java:122)
	at com.mysql.cj.jdbc.ClientPreparedStatement.executeInternal(ClientPreparedStatement.java:953)
	at com.mysql.cj.jdbc.ClientPreparedStatement.execute(ClientPreparedStatement.java:370)
	at com.zaxxer.hikari.pool.ProxyPreparedStatement.execute(ProxyPreparedStatement.java:44)
	at com.zaxxer.hikari.pool.HikariProxyPreparedStatement.execute(HikariProxyPreparedStatement.java)
	at org.apache.ibatis.executor.statement.PreparedStatementHandler.query(PreparedStatementHandler.java:64)
	at org.apache.ibatis.executor.statement.RoutingStatementHandler.query(RoutingStatementHandler.java:79)
	at org.apache.ibatis.executor.SimpleExecutor.doQuery(SimpleExecutor.java:63)
	at org.apache.ibatis.executor.BaseExecutor.queryFromDatabase(BaseExecutor.java:325)
	at org.apache.ibatis.executor.BaseExecutor.query(BaseExecutor.java:156)
	at org.apache.ibatis.executor.CachingExecutor.query(CachingExecutor.java:109)
	at org.apache.ibatis.executor.CachingExecutor.query(CachingExecutor.java:89)
	at org.apache.ibatis.session.defaults.DefaultSqlSession.selectList(DefaultSqlSession.java:147)
	at org.apache.ibatis.session.defaults.DefaultSqlSession.selectList(DefaultSqlSession.java:140)
	at sun.reflect.NativeMethodAccessorImpl.invoke0(Native Method)
	at sun.reflect.NativeMethodAccessorImpl.invoke(NativeMethodAccessorImpl.java:62)
	at sun.reflect.DelegatingMethodAccessorImpl.invoke(DelegatingMethodAccessorImpl.java:43)
	at java.lang.reflect.Method.invoke(Method.java:498)
	at org.mybatis.spring.SqlSessionTemplate$SqlSessionInterceptor.invoke(SqlSessionTemplate.java:427)
	... 74 common frames omitted
25-11-22.09:35:30.012 [scheduling-1    ] INFO  TradeSettlementOrderService - 拼团交易-执行结算通知任务
25-11-22.09:35:30.022 [scheduling-1    ] INFO  GroupBuyNotifyJob      - 定时任务，回调通知拼团完结任务 result:{"retryCount":0,"successCount":0,"waitCount":0,"errorCount":0}
25-11-22.09:35:45.008 [scheduling-1    ] INFO  TradeSettlementOrderService - 拼团交易-执行结算通知任务
25-11-22.09:35:45.008 [scheduling-1    ] INFO  GroupBuyNotifyJob      - 定时任务，回调通知拼团完结任务 result:{"retryCount":0,"successCount":0,"waitCount":0,"errorCount":0}
25-11-22.09:36:00.014 [scheduling-1    ] INFO  TradeSettlementOrderService - 拼团交易-执行结算通知任务
25-11-22.09:36:00.016 [scheduling-1    ] INFO  GroupBuyNotifyJob      - 定时任务，回调通知拼团完结任务 result:{"retryCount":0,"successCount":0,"waitCount":0,"errorCount":0}
25-11-22.09:36:05.746 [SpringApplicationShutdownHook] INFO  HikariDataSource       - HikariPool-1 - Shutdown initiated...
25-11-22.09:36:05.746 [SpringApplicationShutdownHook] INFO  HikariDataSource       - HikariPool-1 - Shutdown completed.
25-11-22.09:40:47.802 [main            ] INFO  Application            - Starting Application using Java 1.8.0_391 on LAPTOP-LUONF1VG with PID 22092 (D:\code\java\group-buy-market\group-buy-market-app\target\classes started by zjh in D:\code\java\group-buy-market)
25-11-22.09:40:47.802 [main            ] INFO  Application            - The following 1 profile is active: "dev"
25-11-22.09:40:48.481 [main            ] INFO  RepositoryConfigurationDelegate - Multiple Spring Data modules found, entering strict repository configuration mode
25-11-22.09:40:48.481 [main            ] INFO  RepositoryConfigurationDelegate - Bootstrapping Spring Data Redis repositories in DEFAULT mode.
25-11-22.09:40:48.527 [main            ] INFO  RepositoryConfigurationDelegate - Finished Spring Data repository scanning in 31 ms. Found 0 Redis repository interfaces.
25-11-22.09:40:48.699 [main            ] INFO  PostProcessorRegistrationDelegate$BeanPostProcessorChecker - Bean 'redisClientConfig' of type [cn.bugstack.config.RedisClientConfig$$EnhancerBySpringCGLIB$$ab2ae6be] is not eligible for getting processed by all BeanPostProcessors (for example: not eligible for auto-proxying)
25-11-22.09:40:48.746 [main            ] INFO  PostProcessorRegistrationDelegate$BeanPostProcessorChecker - Bean 'redis.sdk.config-cn.bugstack.config.RedisClientConfigProperties' of type [cn.bugstack.config.RedisClientConfigProperties] is not eligible for getting processed by all BeanPostProcessors (for example: not eligible for auto-proxying)
25-11-22.09:40:48.872 [main            ] INFO  Version                - Redisson 3.26.0
25-11-22.09:40:49.390 [redisson-netty-1-4] INFO  ConnectionsHolder      - 1 connections initialized for 172.25.147.28/172.25.147.28:6379
25-11-22.09:40:49.403 [redisson-netty-1-13] INFO  ConnectionsHolder      - 5 connections initialized for 172.25.147.28/172.25.147.28:6379
25-11-22.09:40:49.454 [main            ] INFO  PostProcessorRegistrationDelegate$BeanPostProcessorChecker - Bean 'redissonClient' of type [org.redisson.Redisson] is not eligible for getting processed by all BeanPostProcessors (for example: not eligible for auto-proxying)
25-11-22.09:40:49.610 [main            ] INFO  TomcatWebServer        - Tomcat initialized with port(s): 8091 (http)
25-11-22.09:40:49.617 [main            ] INFO  Http11NioProtocol      - Initializing ProtocolHandler ["http-nio-8091"]
25-11-22.09:40:49.618 [main            ] INFO  StandardService        - Starting service [Tomcat]
25-11-22.09:40:49.618 [main            ] INFO  StandardEngine         - Starting Servlet engine: [Apache Tomcat/9.0.75]
25-11-22.09:40:49.698 [main            ] INFO  [/]                    - Initializing Spring embedded WebApplicationContext
25-11-22.09:40:49.698 [main            ] INFO  ServletWebServerApplicationContext - Root WebApplicationContext: initialization completed in 1864 ms
25-11-22.09:40:51.026 [main            ] INFO  EndpointLinksResolver  - Exposing 1 endpoint(s) beneath base path '/actuator'
25-11-22.09:40:51.049 [main            ] INFO  Http11NioProtocol      - Starting ProtocolHandler ["http-nio-8091"]
25-11-22.09:40:51.057 [main            ] INFO  TomcatWebServer        - Tomcat started on port(s): 8091 (http) with context path ''
25-11-22.09:40:51.070 [main            ] INFO  Application            - Started Application in 3.549 seconds (JVM running for 4.291)
25-11-22.09:40:52.206 [RMI TCP Connection(2)-172.28.107.251] INFO  HikariDataSource       - HikariPool-1 - Starting...
25-11-22.09:40:52.419 [RMI TCP Connection(2)-172.28.107.251] INFO  HikariDataSource       - HikariPool-1 - Start completed.
25-11-22.09:40:52.526 [RMI TCP Connection(4)-172.28.107.251] INFO  [/]                    - Initializing Spring DispatcherServlet 'dispatcherServlet'
25-11-22.09:40:52.526 [RMI TCP Connection(4)-172.28.107.251] INFO  DispatcherServlet      - Initializing Servlet 'dispatcherServlet'
25-11-22.09:40:52.527 [RMI TCP Connection(4)-172.28.107.251] INFO  DispatcherServlet      - Completed initialization in 1 ms
25-11-22.09:41:00.002 [scheduling-1    ] INFO  TradeSettlementOrderService - 拼团交易-执行结算通知任务
25-11-22.09:41:00.103 [scheduling-1    ] INFO  GroupBuyNotifyJob      - 定时任务，回调通知拼团完结任务 result:{"retryCount":0,"successCount":0,"waitCount":0,"errorCount":0}
25-11-22.09:41:08.095 [http-nio-8091-exec-2] INFO  MarketIndexController  - 查询拼团营销配置开始:xfg01 goodsId:9890001
25-11-22.09:41:08.105 [http-nio-8091-exec-2] INFO  SwitchNode             - 拼团商品查询试算服务-SwitchNode userId:xfg01 requestParameter:{"channel":"c01","goodsId":"9890001","source":"s01","userId":"xfg01"}
25-11-22.09:41:08.115 [http-nio-8091-exec-2] INFO  MarketNode             - 拼团商品查询试算服务-MarketNode userId:xfg01 异步线程加载数据「GroupBuyActivityDiscountVO、SkuVO」完成
25-11-22.09:41:08.115 [http-nio-8091-exec-2] INFO  MarketNode             - 拼团商品查询试算服务-MarketNode userId:xfg01 requestParameter:{"channel":"c01","goodsId":"9890001","source":"s01","userId":"xfg01"}
25-11-22.09:41:08.115 [http-nio-8091-exec-2] INFO  MJCalculateService     - 优惠策略折扣计算:0
25-11-22.09:41:08.115 [http-nio-8091-exec-2] INFO  EndNode                - 拼团商品查询试算服务-EndNode userId:xfg01 requestParameter:{"channel":"c01","goodsId":"9890001","source":"s01","userId":"xfg01"}
25-11-22.09:41:08.163 [http-nio-8091-exec-2] INFO  MarketIndexController  - 查询拼团营销配置完成:xfg01 goodsId:9890001 response:{"code":"0000","data":{"goods":{"deductionPrice":10.00,"goodsId":"9890001","originalPrice":100.00,"payPrice":90.00},"teamList":[{"activityId":100123,"completeCount":0,"lockCount":1,"outTradeNo":"475492995837","targetCount":3,"teamId":"15466725","userId":"xfg01","validEndTime":1763778721000,"validStartTime":1763775121000,"validTimeCountdown":"00:50:52"},{"activityId":100123,"completeCount":0,"lockCount":1,"targetCount":3,"teamId":"52443912","userId":"xfg09","validEndTime":1763778721000,"validStartTime":1763775121000,"validTimeCountdown":"00:50:52"},{"activityId":100123,"completeCount":0,"lockCount":1,"targetCount":3,"teamId":"58926563","userId":"xfg07","validEndTime":1763778721000,"validStartTime":1763775121000,"validTimeCountdown":"00:50:52"}],"teamStatistic":{"allTeamCompleteCount":0,"allTeamCount":9,"allTeamUserCount":9}},"info":"成功"}
25-11-22.09:41:15.007 [scheduling-1    ] INFO  TradeSettlementOrderService - 拼团交易-执行结算通知任务
25-11-22.09:41:15.009 [scheduling-1    ] INFO  GroupBuyNotifyJob      - 定时任务，回调通知拼团完结任务 result:{"retryCount":0,"successCount":0,"waitCount":0,"errorCount":0}
25-11-22.09:41:30.000 [scheduling-1    ] INFO  TradeSettlementOrderService - 拼团交易-执行结算通知任务
25-11-22.09:41:30.002 [scheduling-1    ] INFO  GroupBuyNotifyJob      - 定时任务，回调通知拼团完结任务 result:{"retryCount":0,"successCount":0,"waitCount":0,"errorCount":0}
25-11-22.09:41:44.200 [SpringApplicationShutdownHook] INFO  HikariDataSource       - HikariPool-1 - Shutdown initiated...
25-11-22.09:41:44.217 [SpringApplicationShutdownHook] INFO  HikariDataSource       - HikariPool-1 - Shutdown completed.
