25-11-22.09:31:54.890 [main            ] INFO  MarketTradeControllerTest - Starting MarketTradeControllerTest using Java 1.8.0_391 on LAPTOP-LUONF1VG with PID 8852 (started by zjh in D:\code\java\group-buy-market\group-buy-market-app)
25-11-22.09:31:54.890 [main            ] INFO  MarketTradeControllerTest - The following 1 profile is active: "dev"
25-11-22.09:31:55.688 [main            ] INFO  RepositoryConfigurationDelegate - Multiple Spring Data modules found, entering strict repository configuration mode
25-11-22.09:31:55.704 [main            ] INFO  RepositoryConfigurationDelegate - Bootstrapping Spring Data Redis repositories in DEFAULT mode.
25-11-22.09:31:55.750 [main            ] INFO  RepositoryConfigurationDelegate - Finished Spring Data repository scanning in 36 ms. Found 0 Redis repository interfaces.
25-11-22.09:31:56.048 [main            ] INFO  PostProcessorRegistrationDelegate$BeanPostProcessorChecker - Bean 'redisClientConfig' of type [cn.bugstack.config.RedisClientConfig$$EnhancerBySpringCGLIB$$17ff3071] is not eligible for getting processed by all BeanPostProcessors (for example: not eligible for auto-proxying)
25-11-22.09:31:56.393 [main            ] INFO  PostProcessorRegistrationDelegate$BeanPostProcessorChecker - Bean 'redis.sdk.config-cn.bugstack.config.RedisClientConfigProperties' of type [cn.bugstack.config.RedisClientConfigProperties] is not eligible for getting processed by all BeanPostProcessors (for example: not eligible for auto-proxying)
25-11-22.09:31:57.003 [main            ] INFO  Version                - Redisson 3.26.0
25-11-22.09:31:57.582 [redisson-netty-1-4] INFO  ConnectionsHolder      - 1 connections initialized for 172.25.147.28/172.25.147.28:6379
25-11-22.09:31:57.597 [redisson-netty-1-13] INFO  ConnectionsHolder      - 5 connections initialized for 172.25.147.28/172.25.147.28:6379
25-11-22.09:31:57.644 [main            ] INFO  PostProcessorRegistrationDelegate$BeanPostProcessorChecker - Bean 'redissonClient' of type [org.redisson.Redisson] is not eligible for getting processed by all BeanPostProcessors (for example: not eligible for auto-proxying)
25-11-22.09:32:00.140 [main            ] INFO  EndpointLinksResolver  - Exposing 1 endpoint(s) beneath base path '/actuator'
25-11-22.09:32:00.203 [main            ] INFO  MarketTradeControllerTest - Started MarketTradeControllerTest in 5.68 seconds (JVM running for 6.705)
25-11-22.09:32:00.585 [main            ] INFO  MarketTradeController  - 营销交易锁单:xfg01 LockMarketPayOrderRequestDTO:{"activityId":100123,"channel":"c01","goodsId":"9890001","notifyUrl":"http://127.0.0.1:8091/api/v1/test/group_buy_notify","outTradeNo":"475492995837","source":"s01","userId":"xfg01"}
25-11-22.09:32:00.585 [main            ] INFO  TradeLockOrderService  - 拼团交易-查询未支付营销订单:xfg01 outTradeNo:475492995837
25-11-22.09:32:00.600 [main            ] INFO  HikariDataSource       - HikariPool-1 - Starting...
25-11-22.09:32:00.840 [main            ] INFO  HikariDataSource       - HikariPool-1 - Start completed.
25-11-22.09:32:00.872 [main            ] INFO  SwitchNode             - 拼团商品查询试算服务-SwitchNode userId:xfg01 requestParameter:{"activityId":100123,"channel":"c01","goodsId":"9890001","source":"s01","userId":"xfg01"}
25-11-22.09:32:00.903 [main            ] INFO  MarketNode             - 拼团商品查询试算服务-MarketNode userId:xfg01 异步线程加载数据「GroupBuyActivityDiscountVO、SkuVO」完成
25-11-22.09:32:00.903 [main            ] INFO  MarketNode             - 拼团商品查询试算服务-MarketNode userId:xfg01 requestParameter:{"activityId":100123,"channel":"c01","goodsId":"9890001","source":"s01","userId":"xfg01"}
25-11-22.09:32:00.903 [main            ] INFO  MJCalculateService     - 优惠策略折扣计算:0
25-11-22.09:32:00.903 [main            ] INFO  EndNode                - 拼团商品查询试算服务-EndNode userId:xfg01 requestParameter:{"activityId":100123,"channel":"c01","goodsId":"9890001","source":"s01","userId":"xfg01"}
25-11-22.09:32:00.903 [main            ] INFO  TradeLockOrderService  - 拼团交易-锁定营销优惠支付订单:xfg01 activityId:100123 goodsId:9890001
25-11-22.09:32:00.903 [main            ] INFO  ActivityUsabilityRuleFilter - 交易规则过滤-活动的可用性校验xfg01 activityId:100123
25-11-22.09:32:00.917 [main            ] INFO  UserTakeLimitRuleFilter - 交易规则过滤-用户参与次数校验xfg01 activityId:100123
25-11-22.09:32:00.935 [main            ] INFO  MarketTradeController  - 交易锁单记录(新):xfg01 marketPayOrderEntity:{"deductionPrice":10.00,"orderId":"091084988215","tradeOrderStatusEnumVO":"CREATE"}
25-11-22.09:32:00.950 [main            ] INFO  MarketTradeControllerTest - 测试结果 req:{"activityId":100123,"channel":"c01","goodsId":"9890001","notifyUrl":"http://127.0.0.1:8091/api/v1/test/group_buy_notify","outTradeNo":"475492995837","source":"s01","userId":"xfg01"} res:{"code":"0000","data":{"deductionPrice":10.00,"orderId":"091084988215","tradeOrderStatus":0},"info":"成功"}
25-11-22.09:32:00.950 [main            ] INFO  MarketTradeController  - 营销交易锁单:xfg02 LockMarketPayOrderRequestDTO:{"activityId":100123,"channel":"c01","goodsId":"9890001","notifyUrl":"http://127.0.0.1:8091/api/v1/test/group_buy_notify","outTradeNo":"433287923257","source":"s01","userId":"xfg02"}
25-11-22.09:32:00.950 [main            ] INFO  TradeLockOrderService  - 拼团交易-查询未支付营销订单:xfg02 outTradeNo:433287923257
25-11-22.09:32:00.950 [main            ] INFO  SwitchNode             - 拼团商品查询试算服务-SwitchNode userId:xfg02 requestParameter:{"activityId":100123,"channel":"c01","goodsId":"9890001","source":"s01","userId":"xfg02"}
25-11-22.09:32:00.950 [main            ] INFO  MarketNode             - 拼团商品查询试算服务-MarketNode userId:xfg02 异步线程加载数据「GroupBuyActivityDiscountVO、SkuVO」完成
25-11-22.09:32:00.950 [main            ] INFO  MarketNode             - 拼团商品查询试算服务-MarketNode userId:xfg02 requestParameter:{"activityId":100123,"channel":"c01","goodsId":"9890001","source":"s01","userId":"xfg02"}
25-11-22.09:32:00.950 [main            ] INFO  MJCalculateService     - 优惠策略折扣计算:0
25-11-22.09:32:00.950 [main            ] INFO  EndNode                - 拼团商品查询试算服务-EndNode userId:xfg02 requestParameter:{"activityId":100123,"channel":"c01","goodsId":"9890001","source":"s01","userId":"xfg02"}
25-11-22.09:32:00.950 [main            ] INFO  TradeLockOrderService  - 拼团交易-锁定营销优惠支付订单:xfg02 activityId:100123 goodsId:9890001
25-11-22.09:32:00.950 [main            ] INFO  ActivityUsabilityRuleFilter - 交易规则过滤-活动的可用性校验xfg02 activityId:100123
25-11-22.09:32:00.950 [main            ] INFO  UserTakeLimitRuleFilter - 交易规则过滤-用户参与次数校验xfg02 activityId:100123
25-11-22.09:32:00.966 [main            ] INFO  MarketTradeController  - 交易锁单记录(新):xfg02 marketPayOrderEntity:{"deductionPrice":10.00,"orderId":"508630652861","tradeOrderStatusEnumVO":"CREATE"}
25-11-22.09:32:00.966 [main            ] INFO  MarketTradeControllerTest - 测试结果 req:{"activityId":100123,"channel":"c01","goodsId":"9890001","notifyUrl":"http://127.0.0.1:8091/api/v1/test/group_buy_notify","outTradeNo":"433287923257","source":"s01","userId":"xfg02"} res:{"code":"0000","data":{"deductionPrice":10.00,"orderId":"508630652861","tradeOrderStatus":0},"info":"成功"}
25-11-22.09:32:00.966 [main            ] INFO  MarketTradeController  - 营销交易锁单:xfg03 LockMarketPayOrderRequestDTO:{"activityId":100123,"channel":"c01","goodsId":"9890001","notifyUrl":"http://127.0.0.1:8091/api/v1/test/group_buy_notify","outTradeNo":"764661810351","source":"s01","userId":"xfg03"}
25-11-22.09:32:00.966 [main            ] INFO  TradeLockOrderService  - 拼团交易-查询未支付营销订单:xfg03 outTradeNo:764661810351
25-11-22.09:32:00.966 [main            ] INFO  SwitchNode             - 拼团商品查询试算服务-SwitchNode userId:xfg03 requestParameter:{"activityId":100123,"channel":"c01","goodsId":"9890001","source":"s01","userId":"xfg03"}
25-11-22.09:32:00.966 [main            ] INFO  MarketNode             - 拼团商品查询试算服务-MarketNode userId:xfg03 异步线程加载数据「GroupBuyActivityDiscountVO、SkuVO」完成
25-11-22.09:32:00.966 [main            ] INFO  MarketNode             - 拼团商品查询试算服务-MarketNode userId:xfg03 requestParameter:{"activityId":100123,"channel":"c01","goodsId":"9890001","source":"s01","userId":"xfg03"}
25-11-22.09:32:00.966 [main            ] INFO  MJCalculateService     - 优惠策略折扣计算:0
25-11-22.09:32:00.966 [main            ] INFO  EndNode                - 拼团商品查询试算服务-EndNode userId:xfg03 requestParameter:{"activityId":100123,"channel":"c01","goodsId":"9890001","source":"s01","userId":"xfg03"}
25-11-22.09:32:00.966 [main            ] INFO  TradeLockOrderService  - 拼团交易-锁定营销优惠支付订单:xfg03 activityId:100123 goodsId:9890001
25-11-22.09:32:00.966 [main            ] INFO  ActivityUsabilityRuleFilter - 交易规则过滤-活动的可用性校验xfg03 activityId:100123
25-11-22.09:32:00.982 [main            ] INFO  UserTakeLimitRuleFilter - 交易规则过滤-用户参与次数校验xfg03 activityId:100123
25-11-22.09:32:00.982 [main            ] INFO  MarketTradeController  - 交易锁单记录(新):xfg03 marketPayOrderEntity:{"deductionPrice":10.00,"orderId":"420487727849","tradeOrderStatusEnumVO":"CREATE"}
25-11-22.09:32:00.982 [main            ] INFO  MarketTradeControllerTest - 测试结果 req:{"activityId":100123,"channel":"c01","goodsId":"9890001","notifyUrl":"http://127.0.0.1:8091/api/v1/test/group_buy_notify","outTradeNo":"764661810351","source":"s01","userId":"xfg03"} res:{"code":"0000","data":{"deductionPrice":10.00,"orderId":"420487727849","tradeOrderStatus":0},"info":"成功"}
25-11-22.09:32:00.982 [main            ] INFO  MarketTradeController  - 营销交易锁单:xfg04 LockMarketPayOrderRequestDTO:{"activityId":100123,"channel":"c01","goodsId":"9890001","notifyUrl":"http://127.0.0.1:8091/api/v1/test/group_buy_notify","outTradeNo":"217857591875","source":"s01","userId":"xfg04"}
25-11-22.09:32:00.982 [main            ] INFO  TradeLockOrderService  - 拼团交易-查询未支付营销订单:xfg04 outTradeNo:217857591875
25-11-22.09:32:00.982 [main            ] INFO  SwitchNode             - 拼团商品查询试算服务-SwitchNode userId:xfg04 requestParameter:{"activityId":100123,"channel":"c01","goodsId":"9890001","source":"s01","userId":"xfg04"}
25-11-22.09:32:00.997 [main            ] INFO  MarketNode             - 拼团商品查询试算服务-MarketNode userId:xfg04 异步线程加载数据「GroupBuyActivityDiscountVO、SkuVO」完成
25-11-22.09:32:00.997 [main            ] INFO  MarketNode             - 拼团商品查询试算服务-MarketNode userId:xfg04 requestParameter:{"activityId":100123,"channel":"c01","goodsId":"9890001","source":"s01","userId":"xfg04"}
25-11-22.09:32:00.997 [main            ] INFO  MJCalculateService     - 优惠策略折扣计算:0
25-11-22.09:32:00.997 [main            ] INFO  EndNode                - 拼团商品查询试算服务-EndNode userId:xfg04 requestParameter:{"activityId":100123,"channel":"c01","goodsId":"9890001","source":"s01","userId":"xfg04"}
25-11-22.09:32:00.997 [main            ] INFO  TradeLockOrderService  - 拼团交易-锁定营销优惠支付订单:xfg04 activityId:100123 goodsId:9890001
25-11-22.09:32:00.997 [main            ] INFO  ActivityUsabilityRuleFilter - 交易规则过滤-活动的可用性校验xfg04 activityId:100123
25-11-22.09:32:00.997 [main            ] INFO  UserTakeLimitRuleFilter - 交易规则过滤-用户参与次数校验xfg04 activityId:100123
25-11-22.09:32:00.997 [main            ] INFO  MarketTradeController  - 交易锁单记录(新):xfg04 marketPayOrderEntity:{"deductionPrice":10.00,"orderId":"209440504500","tradeOrderStatusEnumVO":"CREATE"}
25-11-22.09:32:00.997 [main            ] INFO  MarketTradeControllerTest - 测试结果 req:{"activityId":100123,"channel":"c01","goodsId":"9890001","notifyUrl":"http://127.0.0.1:8091/api/v1/test/group_buy_notify","outTradeNo":"217857591875","source":"s01","userId":"xfg04"} res:{"code":"0000","data":{"deductionPrice":10.00,"orderId":"209440504500","tradeOrderStatus":0},"info":"成功"}
25-11-22.09:32:00.997 [main            ] INFO  MarketTradeController  - 营销交易锁单:xfg05 LockMarketPayOrderRequestDTO:{"activityId":100123,"channel":"c01","goodsId":"9890001","notifyUrl":"http://127.0.0.1:8091/api/v1/test/group_buy_notify","outTradeNo":"416743793051","source":"s01","userId":"xfg05"}
25-11-22.09:32:00.997 [main            ] INFO  TradeLockOrderService  - 拼团交易-查询未支付营销订单:xfg05 outTradeNo:416743793051
25-11-22.09:32:00.997 [main            ] INFO  SwitchNode             - 拼团商品查询试算服务-SwitchNode userId:xfg05 requestParameter:{"activityId":100123,"channel":"c01","goodsId":"9890001","source":"s01","userId":"xfg05"}
25-11-22.09:32:01.013 [main            ] INFO  MarketNode             - 拼团商品查询试算服务-MarketNode userId:xfg05 异步线程加载数据「GroupBuyActivityDiscountVO、SkuVO」完成
25-11-22.09:32:01.013 [main            ] INFO  MarketNode             - 拼团商品查询试算服务-MarketNode userId:xfg05 requestParameter:{"activityId":100123,"channel":"c01","goodsId":"9890001","source":"s01","userId":"xfg05"}
25-11-22.09:32:01.013 [main            ] INFO  MJCalculateService     - 优惠策略折扣计算:0
25-11-22.09:32:01.013 [main            ] INFO  EndNode                - 拼团商品查询试算服务-EndNode userId:xfg05 requestParameter:{"activityId":100123,"channel":"c01","goodsId":"9890001","source":"s01","userId":"xfg05"}
25-11-22.09:32:01.013 [main            ] INFO  TradeLockOrderService  - 拼团交易-锁定营销优惠支付订单:xfg05 activityId:100123 goodsId:9890001
25-11-22.09:32:01.013 [main            ] INFO  ActivityUsabilityRuleFilter - 交易规则过滤-活动的可用性校验xfg05 activityId:100123
25-11-22.09:32:01.013 [main            ] INFO  UserTakeLimitRuleFilter - 交易规则过滤-用户参与次数校验xfg05 activityId:100123
25-11-22.09:32:01.013 [main            ] INFO  MarketTradeController  - 交易锁单记录(新):xfg05 marketPayOrderEntity:{"deductionPrice":10.00,"orderId":"183229684501","tradeOrderStatusEnumVO":"CREATE"}
25-11-22.09:32:01.013 [main            ] INFO  MarketTradeControllerTest - 测试结果 req:{"activityId":100123,"channel":"c01","goodsId":"9890001","notifyUrl":"http://127.0.0.1:8091/api/v1/test/group_buy_notify","outTradeNo":"416743793051","source":"s01","userId":"xfg05"} res:{"code":"0000","data":{"deductionPrice":10.00,"orderId":"183229684501","tradeOrderStatus":0},"info":"成功"}
25-11-22.09:32:01.013 [main            ] INFO  MarketTradeController  - 营销交易锁单:xfg06 LockMarketPayOrderRequestDTO:{"activityId":100123,"channel":"c01","goodsId":"9890001","notifyUrl":"http://127.0.0.1:8091/api/v1/test/group_buy_notify","outTradeNo":"039558140538","source":"s01","userId":"xfg06"}
25-11-22.09:32:01.013 [main            ] INFO  TradeLockOrderService  - 拼团交易-查询未支付营销订单:xfg06 outTradeNo:039558140538
25-11-22.09:32:01.013 [main            ] INFO  SwitchNode             - 拼团商品查询试算服务-SwitchNode userId:xfg06 requestParameter:{"activityId":100123,"channel":"c01","goodsId":"9890001","source":"s01","userId":"xfg06"}
25-11-22.09:32:01.029 [main            ] INFO  MarketNode             - 拼团商品查询试算服务-MarketNode userId:xfg06 异步线程加载数据「GroupBuyActivityDiscountVO、SkuVO」完成
25-11-22.09:32:01.029 [main            ] INFO  MarketNode             - 拼团商品查询试算服务-MarketNode userId:xfg06 requestParameter:{"activityId":100123,"channel":"c01","goodsId":"9890001","source":"s01","userId":"xfg06"}
25-11-22.09:32:01.029 [main            ] INFO  MJCalculateService     - 优惠策略折扣计算:0
25-11-22.09:32:01.029 [main            ] INFO  EndNode                - 拼团商品查询试算服务-EndNode userId:xfg06 requestParameter:{"activityId":100123,"channel":"c01","goodsId":"9890001","source":"s01","userId":"xfg06"}
25-11-22.09:32:01.029 [main            ] INFO  TradeLockOrderService  - 拼团交易-锁定营销优惠支付订单:xfg06 activityId:100123 goodsId:9890001
25-11-22.09:32:01.029 [main            ] INFO  ActivityUsabilityRuleFilter - 交易规则过滤-活动的可用性校验xfg06 activityId:100123
25-11-22.09:32:01.029 [main            ] INFO  UserTakeLimitRuleFilter - 交易规则过滤-用户参与次数校验xfg06 activityId:100123
25-11-22.09:32:01.029 [main            ] INFO  MarketTradeController  - 交易锁单记录(新):xfg06 marketPayOrderEntity:{"deductionPrice":10.00,"orderId":"209163737510","tradeOrderStatusEnumVO":"CREATE"}
25-11-22.09:32:01.029 [main            ] INFO  MarketTradeControllerTest - 测试结果 req:{"activityId":100123,"channel":"c01","goodsId":"9890001","notifyUrl":"http://127.0.0.1:8091/api/v1/test/group_buy_notify","outTradeNo":"039558140538","source":"s01","userId":"xfg06"} res:{"code":"0000","data":{"deductionPrice":10.00,"orderId":"209163737510","tradeOrderStatus":0},"info":"成功"}
25-11-22.09:32:01.029 [main            ] INFO  MarketTradeController  - 营销交易锁单:xfg07 LockMarketPayOrderRequestDTO:{"activityId":100123,"channel":"c01","goodsId":"9890001","notifyUrl":"http://127.0.0.1:8091/api/v1/test/group_buy_notify","outTradeNo":"537795916239","source":"s01","userId":"xfg07"}
25-11-22.09:32:01.029 [main            ] INFO  TradeLockOrderService  - 拼团交易-查询未支付营销订单:xfg07 outTradeNo:537795916239
25-11-22.09:32:01.029 [main            ] INFO  SwitchNode             - 拼团商品查询试算服务-SwitchNode userId:xfg07 requestParameter:{"activityId":100123,"channel":"c01","goodsId":"9890001","source":"s01","userId":"xfg07"}
25-11-22.09:32:01.044 [main            ] INFO  MarketNode             - 拼团商品查询试算服务-MarketNode userId:xfg07 异步线程加载数据「GroupBuyActivityDiscountVO、SkuVO」完成
25-11-22.09:32:01.044 [main            ] INFO  MarketNode             - 拼团商品查询试算服务-MarketNode userId:xfg07 requestParameter:{"activityId":100123,"channel":"c01","goodsId":"9890001","source":"s01","userId":"xfg07"}
25-11-22.09:32:01.044 [main            ] INFO  MJCalculateService     - 优惠策略折扣计算:0
25-11-22.09:32:01.044 [main            ] INFO  EndNode                - 拼团商品查询试算服务-EndNode userId:xfg07 requestParameter:{"activityId":100123,"channel":"c01","goodsId":"9890001","source":"s01","userId":"xfg07"}
25-11-22.09:32:01.044 [main            ] INFO  TradeLockOrderService  - 拼团交易-锁定营销优惠支付订单:xfg07 activityId:100123 goodsId:9890001
25-11-22.09:32:01.044 [main            ] INFO  ActivityUsabilityRuleFilter - 交易规则过滤-活动的可用性校验xfg07 activityId:100123
25-11-22.09:32:01.044 [main            ] INFO  UserTakeLimitRuleFilter - 交易规则过滤-用户参与次数校验xfg07 activityId:100123
25-11-22.09:32:01.060 [main            ] INFO  MarketTradeController  - 交易锁单记录(新):xfg07 marketPayOrderEntity:{"deductionPrice":10.00,"orderId":"698984244364","tradeOrderStatusEnumVO":"CREATE"}
25-11-22.09:32:01.060 [main            ] INFO  MarketTradeControllerTest - 测试结果 req:{"activityId":100123,"channel":"c01","goodsId":"9890001","notifyUrl":"http://127.0.0.1:8091/api/v1/test/group_buy_notify","outTradeNo":"537795916239","source":"s01","userId":"xfg07"} res:{"code":"0000","data":{"deductionPrice":10.00,"orderId":"698984244364","tradeOrderStatus":0},"info":"成功"}
25-11-22.09:32:01.060 [main            ] INFO  MarketTradeController  - 营销交易锁单:xfg08 LockMarketPayOrderRequestDTO:{"activityId":100123,"channel":"c01","goodsId":"9890001","notifyUrl":"http://127.0.0.1:8091/api/v1/test/group_buy_notify","outTradeNo":"955688071147","source":"s01","userId":"xfg08"}
25-11-22.09:32:01.060 [main            ] INFO  TradeLockOrderService  - 拼团交易-查询未支付营销订单:xfg08 outTradeNo:955688071147
25-11-22.09:32:01.060 [main            ] INFO  SwitchNode             - 拼团商品查询试算服务-SwitchNode userId:xfg08 requestParameter:{"activityId":100123,"channel":"c01","goodsId":"9890001","source":"s01","userId":"xfg08"}
25-11-22.09:32:01.060 [main            ] INFO  MarketNode             - 拼团商品查询试算服务-MarketNode userId:xfg08 异步线程加载数据「GroupBuyActivityDiscountVO、SkuVO」完成
25-11-22.09:32:01.060 [main            ] INFO  MarketNode             - 拼团商品查询试算服务-MarketNode userId:xfg08 requestParameter:{"activityId":100123,"channel":"c01","goodsId":"9890001","source":"s01","userId":"xfg08"}
25-11-22.09:32:01.060 [main            ] INFO  MJCalculateService     - 优惠策略折扣计算:0
25-11-22.09:32:01.060 [main            ] INFO  EndNode                - 拼团商品查询试算服务-EndNode userId:xfg08 requestParameter:{"activityId":100123,"channel":"c01","goodsId":"9890001","source":"s01","userId":"xfg08"}
25-11-22.09:32:01.060 [main            ] INFO  TradeLockOrderService  - 拼团交易-锁定营销优惠支付订单:xfg08 activityId:100123 goodsId:9890001
25-11-22.09:32:01.060 [main            ] INFO  ActivityUsabilityRuleFilter - 交易规则过滤-活动的可用性校验xfg08 activityId:100123
25-11-22.09:32:01.060 [main            ] INFO  UserTakeLimitRuleFilter - 交易规则过滤-用户参与次数校验xfg08 activityId:100123
25-11-22.09:32:01.078 [main            ] INFO  MarketTradeController  - 交易锁单记录(新):xfg08 marketPayOrderEntity:{"deductionPrice":10.00,"orderId":"636546401222","tradeOrderStatusEnumVO":"CREATE"}
25-11-22.09:32:01.078 [main            ] INFO  MarketTradeControllerTest - 测试结果 req:{"activityId":100123,"channel":"c01","goodsId":"9890001","notifyUrl":"http://127.0.0.1:8091/api/v1/test/group_buy_notify","outTradeNo":"955688071147","source":"s01","userId":"xfg08"} res:{"code":"0000","data":{"deductionPrice":10.00,"orderId":"636546401222","tradeOrderStatus":0},"info":"成功"}
25-11-22.09:32:01.078 [main            ] INFO  MarketTradeController  - 营销交易锁单:xfg09 LockMarketPayOrderRequestDTO:{"activityId":100123,"channel":"c01","goodsId":"9890001","notifyUrl":"http://127.0.0.1:8091/api/v1/test/group_buy_notify","outTradeNo":"605436576127","source":"s01","userId":"xfg09"}
25-11-22.09:32:01.078 [main            ] INFO  TradeLockOrderService  - 拼团交易-查询未支付营销订单:xfg09 outTradeNo:605436576127
25-11-22.09:32:01.078 [main            ] INFO  SwitchNode             - 拼团商品查询试算服务-SwitchNode userId:xfg09 requestParameter:{"activityId":100123,"channel":"c01","goodsId":"9890001","source":"s01","userId":"xfg09"}
25-11-22.09:32:01.078 [main            ] INFO  MarketNode             - 拼团商品查询试算服务-MarketNode userId:xfg09 异步线程加载数据「GroupBuyActivityDiscountVO、SkuVO」完成
25-11-22.09:32:01.078 [main            ] INFO  MarketNode             - 拼团商品查询试算服务-MarketNode userId:xfg09 requestParameter:{"activityId":100123,"channel":"c01","goodsId":"9890001","source":"s01","userId":"xfg09"}
25-11-22.09:32:01.078 [main            ] INFO  MJCalculateService     - 优惠策略折扣计算:0
25-11-22.09:32:01.078 [main            ] INFO  EndNode                - 拼团商品查询试算服务-EndNode userId:xfg09 requestParameter:{"activityId":100123,"channel":"c01","goodsId":"9890001","source":"s01","userId":"xfg09"}
25-11-22.09:32:01.078 [main            ] INFO  TradeLockOrderService  - 拼团交易-锁定营销优惠支付订单:xfg09 activityId:100123 goodsId:9890001
25-11-22.09:32:01.078 [main            ] INFO  ActivityUsabilityRuleFilter - 交易规则过滤-活动的可用性校验xfg09 activityId:100123
25-11-22.09:32:01.078 [main            ] INFO  UserTakeLimitRuleFilter - 交易规则过滤-用户参与次数校验xfg09 activityId:100123
25-11-22.09:32:01.078 [main            ] INFO  MarketTradeController  - 交易锁单记录(新):xfg09 marketPayOrderEntity:{"deductionPrice":10.00,"orderId":"122879697139","tradeOrderStatusEnumVO":"CREATE"}
25-11-22.09:32:01.078 [main            ] INFO  MarketTradeControllerTest - 测试结果 req:{"activityId":100123,"channel":"c01","goodsId":"9890001","notifyUrl":"http://127.0.0.1:8091/api/v1/test/group_buy_notify","outTradeNo":"605436576127","source":"s01","userId":"xfg09"} res:{"code":"0000","data":{"deductionPrice":10.00,"orderId":"122879697139","tradeOrderStatus":0},"info":"成功"}
25-11-22.09:32:01.099 [SpringApplicationShutdownHook] INFO  HikariDataSource       - HikariPool-1 - Shutdown initiated...
25-11-22.09:32:01.114 [SpringApplicationShutdownHook] INFO  HikariDataSource       - HikariPool-1 - Shutdown completed.
